<?xml version="1.0" encoding="UTF-8"?>
<testng-results skipped="0" failed="0" total="1" passed="1">
  <reporter-output>
  </reporter-output>
  <suite name="phantomjs.Phantomjs_Test" duration-ms="6894" started-at="2018-12-20T10:50:47Z" finished-at="2018-12-20T10:50:54Z">
    <groups>
    </groups>
    <test name="Command line test" duration-ms="6894" started-at="2018-12-20T10:50:47Z" finished-at="2018-12-20T10:50:54Z">
      <class name="phantomjs.Phantomjs_Test">
        <test-method status="PASS" signature="Phantomjs()[pri:0, instance:phantomjs.Phantomjs_Test@1be98f5]" name="Phantomjs" duration-ms="6883" started-at="2018-12-20T16:20:47Z" finished-at="2018-12-20T16:20:54Z">
          <reporter-output>
          </reporter-output>
        </test-method> <!-- Phantomjs -->
      </class> <!-- phantomjs.Phantomjs_Test -->
    </test> <!-- Command line test -->
  </suite> <!-- phantomjs.Phantomjs_Test -->
</testng-results>
